0 info it worked if it ends with ok
1 verbose cli [ '/usr/bin/nodejs', '/usr/bin/npm', 'restart' ]
2 info using npm@1.4.21
3 info using node@v0.10.25
4 verbose run-script [ 'prerestart',
4 verbose run-script   'prestop',
4 verbose run-script   'stop',
4 verbose run-script   'poststop',
4 verbose run-script   'restart',
4 verbose run-script   'prestart',
4 verbose run-script   'start',
4 verbose run-script   'poststart',
4 verbose run-script   'postrestart' ]
5 info prerestart RoomService@0.0.1
6 info prestop RoomService@0.0.1
7 info stop RoomService@0.0.1
8 info poststop RoomService@0.0.1
9 info restart RoomService@0.0.1
10 info prestart RoomService@0.0.1
11 info start RoomService@0.0.1
12 verbose unsafe-perm in lifecycle true
13 info RoomService@0.0.1 Failed to exec start script
14 error RoomService@0.0.1 start: `node server.js`
14 error Exit status 127
15 error Failed at the RoomService@0.0.1 start script.
15 error This is most likely a problem with the RoomService package,
15 error not with npm itself.
15 error Tell the author that this fails on your system:
15 error     node server.js
15 error You can get their info via:
15 error     npm owner ls RoomService
15 error There is likely additional logging output above.
16 error System Linux 3.13.0-36-generic
17 error command "/usr/bin/nodejs" "/usr/bin/npm" "restart"
18 error cwd /home/mick/Documents/Programming/RoomService/server
19 error node -v v0.10.25
20 error npm -v 1.4.21
21 error code ELIFECYCLE
22 verbose exit [ 1, true ]
